[30Dec2021 00:22:14.586] [Netty Epoll Server IO #4/ERROR] [net.minecraftforge.fml.network.NetworkRegistry/NETREGISTRY]: Channels [theabyss:theabyss,mantle:network,cfm:network,silentlib:network,flywheel:network,autoreglib:main,tconstruct:network,create:network,alexsmobs:main_channel,bloodmagic:main,immersiveengineering:main,cgm:play,mowziesmobs:net,boss_tools:boss_tools,astralsorcery:net_channel,mekanism:mekanism,botania:chan,spartanweaponry:network,carryon:carryonpackets,mekanismgenerators:mekanismgenerators,citadel:main_channel,dungeonsartifacts:dungeonsartifacts,mutantbeasts:main,curios:main,chococraft:main,polymorph:main,pehkui:main,quark:main,scalinghealth:network,patchouli:main,chisel:main,artifacts:main,geckolib3:main,elevatorid:main_channel,twilightforest:channel,waystones:network] rejected vanilla connections
[30Dec2021 00:22:14.592] [Netty Epoll Server IO #4/INFO] [net.minecraftforge.fml.server.ServerLifecycleHooks/SERVERHOOKS]: Disconnecting VANILLA connection attempt: This server has mods that require Forge to be installed on the client. Contact your server admin for more details.
[30Dec2021 01:07:56.459] [Netty Epoll Server IO #3/ERROR] [net.minecraftforge.fml.network.NetworkRegistry/NETREGISTRY]: Channels [theabyss:theabyss,mantle:network,cfm:network,silentlib:network,flywheel:network,autoreglib:main,tconstruct:network,create:network,alexsmobs:main_channel,bloodmagic:main,immersiveengineering:main,cgm:play,mowziesmobs:net,boss_tools:boss_tools,astralsorcery:net_channel,mekanism:mekanism,botania:chan,spartanweaponry:network,carryon:carryonpackets,mekanismgenerators:mekanismgenerators,citadel:main_channel,dungeonsartifacts:dungeonsartifacts,mutantbeasts:main,curios:main,chococraft:main,polymorph:main,pehkui:main,quark:main,scalinghealth:network,patchouli:main,chisel:main,artifacts:main,geckolib3:main,elevatorid:main_channel,twilightforest:channel,waystones:network] rejected vanilla connections
[30Dec2021 01:07:56.459] [Netty Epoll Server IO #3/INFO] [net.minecraftforge.fml.server.ServerLifecycleHooks/SERVERHOOKS]: Disconnecting VANILLA connection attempt: This server has mods that require Forge to be installed on the client. Contact your server admin for more details.
[30Dec2021 02:16:27.577] [Server thread/INFO] [net.minecraftforge.common.AdvancementLoadFix/]: Using new advancement loading for net.minecraft.advancements.PlayerAdvancements@4e2bc02d
[30Dec2021 02:16:27.883] [Server thread/INFO] [net.minecraft.server.management.PlayerList/]: DavidSoonLee[/177.254.4.115:57232] logged in with entity id 9111 at (342.49444779260523, 80.0, -58.29114849450606)
[30Dec2021 02:16:27.908] [Server thread/INFO] [net.minecraft.server.dedicated.DedicatedServer/]: DavidSoonLee joined the game
[30Dec2021 02:16:27.957] [Server thread/INFO] [Waila/]: Syncing config to DavidSoonLee (34e2e122-557c-30fe-8e71-dd90a2449fe6)
[30Dec2021 02:16:27.976] [Server thread/INFO] [Scaling Health/]: Sending login packet to player ServerPlayerEntity['DavidSoonLee'/9111, l='ServerLevel[AHHHHHHHHHHHHHHHHHHHHHHHH]', x=342.49, y=80.00, z=-58.29]
[30Dec2021 02:16:27.977] [Server thread/INFO] [Scaling Health/]: Updating stats for null
[30Dec2021 02:18:03.248] [Server thread/INFO] [net.minecraft.server.dedicated.DedicatedServer/]: DavidSoonLee was killed by radiation poisoning.
[30Dec2021 02:18:21.282] [Server thread/INFO] [Scaling Health/]: Player lost 0.00 heart crystal(s)
[30Dec2021 02:18:21.282] [Server thread/INFO] [Scaling Health/]: Player lost -50.00 difficulty
[30Dec2021 02:28:30.117] [Server thread/FATAL] [net.minecraft.util.concurrent.ThreadTaskExecutor/]: Error executing task on Server
java.lang.NullPointerException: null
	at mekanism.common.item.ItemConfigurator.func_195939_a(ItemConfigurator.java:176) ~[mekanism:10.0.24]
	at net.minecraftforge.common.ForgeHooks.onPlaceItemIntoWorld(ForgeHooks.java:644) ~[forge:?]
	at net.minecraft.item.ItemStack.func_196084_a(ItemStack.java:187) ~[?:?]
	at net.minecraft.server.management.PlayerInteractionManager.func_219441_a(PlayerInteractionManager.java:353) ~[?:?]
	at net.minecraft.network.play.ServerPlayNetHandler.func_184337_a(ServerPlayNetHandler.java:958) ~[?:?]
	at net.minecraft.network.play.client.CPlayerTryUseItemOnBlockPacket.func_148833_a(SourceFile:36) ~[?:?]
	at net.minecraft.network.play.client.CPlayerTryUseItemOnBlockPacket.func_148833_a(SourceFile:10) ~[?:?]
	at net.minecraft.network.PacketThreadUtil.func_225383_a(SourceFile:21) ~[?:?]
	at net.minecraft.util.concurrent.TickDelayedTask.run(SourceFile:18) ~[?:?]
	at net.minecraft.util.concurrent.ThreadTaskExecutor.func_213166_h(SourceFile:144) ~[?:?]
	at net.minecraft.util.concurrent.RecursiveEventLoop.func_213166_h(SourceFile:23) ~[?:?]
	at net.minecraft.server.MinecraftServer.func_213166_h(MinecraftServer.java:734) ~[?:?]
	at net.minecraft.server.MinecraftServer.func_213166_h(MinecraftServer.java:159) ~[?:?]
	at net.minecraft.util.concurrent.ThreadTaskExecutor.func_213168_p(SourceFile:118) ~[?:?]
	at net.minecraft.server.MinecraftServer.func_213205_aW(MinecraftServer.java:717) ~[?:?]
	at net.minecraft.server.MinecraftServer.func_213168_p(MinecraftServer.java:711) ~[?:?]
	at net.minecraft.util.concurrent.ThreadTaskExecutor.func_213160_bf(SourceFile:103) ~[?:?]
	at net.minecraft.server.MinecraftServer.func_213202_o(MinecraftServer.java:696) ~[?:?]
	at net.minecraft.server.MinecraftServer.func_240802_v_(MinecraftServer.java:646) ~[?:?]
	at net.minecraft.server.MinecraftServer.func_240783_a_(MinecraftServer.java:232) ~[?:?]
	at java.lang.Thread.run(Thread.java:748) [?:1.8.0_312]
[30Dec2021 02:28:31.095] [Server thread/FATAL] [net.minecraft.util.concurrent.ThreadTaskExecutor/]: Error executing task on Server
java.lang.NullPointerException: null
	at mekanism.common.item.ItemConfigurator.func_195939_a(ItemConfigurator.java:176) ~[mekanism:10.0.24]
	at net.minecraftforge.common.ForgeHooks.onPlaceItemIntoWorld(ForgeHooks.java:644) ~[forge:?]
	at net.minecraft.item.ItemStack.func_196084_a(ItemStack.java:187) ~[?:?]
	at net.minecraft.server.management.PlayerInteractionManager.func_219441_a(PlayerInteractionManager.java:353) ~[?:?]
	at net.minecraft.network.play.ServerPlayNetHandler.func_184337_a(ServerPlayNetHandler.java:958) ~[?:?]
	at net.minecraft.network.play.client.CPlayerTryUseItemOnBlockPacket.func_148833_a(SourceFile:36) ~[?:?]
	at net.minecraft.network.play.client.CPlayerTryUseItemOnBlockPacket.func_148833_a(SourceFile:10) ~[?:?]
	at net.minecraft.network.PacketThreadUtil.func_225383_a(SourceFile:21) ~[?:?]
	at net.minecraft.util.concurrent.TickDelayedTask.run(SourceFile:18) ~[?:?]
	at net.minecraft.util.concurrent.ThreadTaskExecutor.func_213166_h(SourceFile:144) ~[?:?]
	at net.minecraft.util.concurrent.RecursiveEventLoop.func_213166_h(SourceFile:23) ~[?:?]
	at net.minecraft.server.MinecraftServer.func_213166_h(MinecraftServer.java:734) ~[?:?]
	at net.minecraft.server.MinecraftServer.func_213166_h(MinecraftServer.java:159) ~[?:?]
	at net.minecraft.util.concurrent.ThreadTaskExecutor.func_213168_p(SourceFile:118) ~[?:?]
	at net.minecraft.server.MinecraftServer.func_213205_aW(MinecraftServer.java:717) ~[?:?]
	at net.minecraft.server.MinecraftServer.func_213168_p(MinecraftServer.java:711) ~[?:?]
	at net.minecraft.util.concurrent.ThreadTaskExecutor.func_213160_bf(SourceFile:103) ~[?:?]
	at net.minecraft.server.MinecraftServer.func_213202_o(MinecraftServer.java:696) ~[?:?]
	at net.minecraft.server.MinecraftServer.func_240802_v_(MinecraftServer.java:646) ~[?:?]
	at net.minecraft.server.MinecraftServer.func_240783_a_(MinecraftServer.java:232) ~[?:?]
	at java.lang.Thread.run(Thread.java:748) [?:1.8.0_312]
[30Dec2021 02:45:18.563] [Server thread/INFO] [STDERR/]: [net.yezon.theabyss.procedures.WhenDieInAbyssHandlerProcedure:executeProcedure:66]: java.io.FileNotFoundException: config/TheAbyss2.json (No such file or directory)
[30Dec2021 02:45:18.564] [Server thread/INFO] [STDERR/]: [net.yezon.theabyss.procedures.WhenDieInAbyssHandlerProcedure:executeProcedure:66]: 	at java.io.FileInputStream.open0(Native Method)
[30Dec2021 02:45:18.565] [Server thread/INFO] [STDERR/]: [net.yezon.theabyss.procedures.WhenDieInAbyssHandlerProcedure:executeProcedure:66]: 	at java.io.FileInputStream.open(FileInputStream.java:195)
[30Dec2021 02:45:18.565] [Server thread/INFO] [STDERR/]: [net.yezon.theabyss.procedures.WhenDieInAbyssHandlerProcedure:executeProcedure:66]: 	at java.io.FileInputStream.<init>(FileInputStream.java:138)
[30Dec2021 02:45:18.565] [Server thread/INFO] [STDERR/]: [net.yezon.theabyss.procedures.WhenDieInAbyssHandlerProcedure:executeProcedure:66]: 	at java.io.FileReader.<init>(FileReader.java:72)
[30Dec2021 02:45:18.565] [Server thread/INFO] [STDERR/]: [net.yezon.theabyss.procedures.WhenDieInAbyssHandlerProcedure:executeProcedure:66]: 	at net.yezon.theabyss.procedures.WhenDieInAbyssHandlerProcedure.executeProcedure(WhenDieInAbyssHandlerProcedure.java:56)
[30Dec2021 02:45:18.565] [Server thread/INFO] [STDERR/]: [net.yezon.theabyss.procedures.WhenDieInAbyssHandlerProcedure:executeProcedure:66]: 	at net.yezon.theabyss.procedures.WhenDieInAbyssHandlerProcedure.onPlayerInBed(WhenDieInAbyssHandlerProcedure.java:114)
[30Dec2021 02:45:18.566] [Server thread/INFO] [STDERR/]: [net.yezon.theabyss.procedures.WhenDieInAbyssHandlerProcedure:executeProcedure:66]: 	at net.minecraftforge.eventbus.ASMEventHandler_1337_WhenDieInAbyssHandlerProcedure_onPlayerInBed_PlayerSleepInBedEvent.invoke(.dynamic)
[30Dec2021 02:45:18.566] [Server thread/INFO] [STDERR/]: [net.yezon.theabyss.procedures.WhenDieInAbyssHandlerProcedure:executeProcedure:66]: 	at net.minecraftforge.eventbus.ASMEventHandler.invoke(ASMEventHandler.java:85)
[30Dec2021 02:45:18.566] [Server thread/INFO] [STDERR/]: [net.yezon.theabyss.procedures.WhenDieInAbyssHandlerProcedure:executeProcedure:66]: 	at net.minecraftforge.eventbus.EventBus.post(EventBus.java:302)
[30Dec2021 02:45:18.571] [Server thread/INFO] [STDERR/]: [net.yezon.theabyss.procedures.WhenDieInAbyssHandlerProcedure:executeProcedure:66]: 	at net.minecraftforge.eventbus.EventBus.post(EventBus.java:283)
[30Dec2021 02:45:18.573] [Server thread/INFO] [STDERR/]: [net.yezon.theabyss.procedures.WhenDieInAbyssHandlerProcedure:executeProcedure:66]: 	at net.minecraftforge.event.ForgeEventFactory.onPlayerSleepInBed(ForgeEventFactory.java:475)
[30Dec2021 02:45:18.573] [Server thread/INFO] [STDERR/]: [net.yezon.theabyss.procedures.WhenDieInAbyssHandlerProcedure:executeProcedure:66]: 	at net.minecraft.entity.player.ServerPlayerEntity.func_213819_a(ServerPlayerEntity.java:755)
[30Dec2021 02:45:18.574] [Server thread/INFO] [STDERR/]: [net.yezon.theabyss.procedures.WhenDieInAbyssHandlerProcedure:executeProcedure:66]: 	at net.minecraft.block.BedBlock.func_225533_a_(SourceFile:115)
[30Dec2021 02:45:18.575] [Server thread/INFO] [STDERR/]: [net.yezon.theabyss.procedures.WhenDieInAbyssHandlerProcedure:executeProcedure:66]: 	at net.minecraft.block.AbstractBlock$AbstractBlockState.func_227031_a_(AbstractBlock.java:640)
[30Dec2021 02:45:18.575] [Server thread/INFO] [STDERR/]: [net.yezon.theabyss.procedures.WhenDieInAbyssHandlerProcedure:executeProcedure:66]: 	at net.minecraft.server.management.PlayerInteractionManager.func_219441_a(PlayerInteractionManager.java:338)
[30Dec2021 02:45:18.575] [Server thread/INFO] [STDERR/]: [net.yezon.theabyss.procedures.WhenDieInAbyssHandlerProcedure:executeProcedure:66]: 	at net.minecraft.network.play.ServerPlayNetHandler.func_184337_a(ServerPlayNetHandler.java:958)
[30Dec2021 02:45:18.576] [Server thread/INFO] [STDERR/]: [net.yezon.theabyss.procedures.WhenDieInAbyssHandlerProcedure:executeProcedure:66]: 	at net.minecraft.network.play.client.CPlayerTryUseItemOnBlockPacket.func_148833_a(SourceFile:36)
[30Dec2021 02:45:18.576] [Server thread/INFO] [STDERR/]: [net.yezon.theabyss.procedures.WhenDieInAbyssHandlerProcedure:executeProcedure:66]: 	at net.minecraft.network.play.client.CPlayerTryUseItemOnBlockPacket.func_148833_a(SourceFile:10)
[30Dec2021 02:45:18.576] [Server thread/INFO] [STDERR/]: [net.yezon.theabyss.procedures.WhenDieInAbyssHandlerProcedure:executeProcedure:66]: 	at net.minecraft.network.PacketThreadUtil.func_225383_a(SourceFile:21)
[30Dec2021 02:45:18.576] [Server thread/INFO] [STDERR/]: [net.yezon.theabyss.procedures.WhenDieInAbyssHandlerProcedure:executeProcedure:66]: 	at net.minecraft.util.concurrent.TickDelayedTask.run(SourceFile:18)
[30Dec2021 02:45:18.576] [Server thread/INFO] [STDERR/]: [net.yezon.theabyss.procedures.WhenDieInAbyssHandlerProcedure:executeProcedure:66]: 	at net.minecraft.util.concurrent.ThreadTaskExecutor.func_213166_h(SourceFile:144)
[30Dec2021 02:45:18.576] [Server thread/INFO] [STDERR/]: [net.yezon.theabyss.procedures.WhenDieInAbyssHandlerProcedure:executeProcedure:66]: 	at net.minecraft.util.concurrent.RecursiveEventLoop.func_213166_h(SourceFile:23)
[30Dec2021 02:45:18.576] [Server thread/INFO] [STDERR/]: [net.yezon.theabyss.procedures.WhenDieInAbyssHandlerProcedure:executeProcedure:66]: 	at net.minecraft.server.MinecraftServer.func_213166_h(MinecraftServer.java:734)
[30Dec2021 02:45:18.576] [Server thread/INFO] [STDERR/]: [net.yezon.theabyss.procedures.WhenDieInAbyssHandlerProcedure:executeProcedure:66]: 	at net.minecraft.server.MinecraftServer.func_213166_h(MinecraftServer.java:159)
[30Dec2021 02:45:18.576] [Server thread/INFO] [STDERR/]: [net.yezon.theabyss.procedures.WhenDieInAbyssHandlerProcedure:executeProcedure:66]: 	at net.minecraft.util.concurrent.ThreadTaskExecutor.func_213168_p(SourceFile:118)
[30Dec2021 02:45:18.577] [Server thread/INFO] [STDERR/]: [net.yezon.theabyss.procedures.WhenDieInAbyssHandlerProcedure:executeProcedure:66]: 	at net.minecraft.server.MinecraftServer.func_213205_aW(MinecraftServer.java:717)
[30Dec2021 02:45:18.577] [Server thread/INFO] [STDERR/]: [net.yezon.theabyss.procedures.WhenDieInAbyssHandlerProcedure:executeProcedure:66]: 	at net.minecraft.server.MinecraftServer.func_213168_p(MinecraftServer.java:711)
[30Dec2021 02:45:18.583] [Server thread/INFO] [STDERR/]: [net.yezon.theabyss.procedures.WhenDieInAbyssHandlerProcedure:executeProcedure:66]: 	at net.minecraft.util.concurrent.ThreadTaskExecutor.func_213160_bf(SourceFile:103)
[30Dec2021 02:45:18.583] [Server thread/INFO] [STDERR/]: [net.yezon.theabyss.procedures.WhenDieInAbyssHandlerProcedure:executeProcedure:66]: 	at net.minecraft.server.MinecraftServer.func_213202_o(MinecraftServer.java:696)
[30Dec2021 02:45:18.584] [Server thread/INFO] [STDERR/]: [net.yezon.theabyss.procedures.WhenDieInAbyssHandlerProcedure:executeProcedure:66]: 	at net.minecraft.server.MinecraftServer.func_240802_v_(MinecraftServer.java:646)
[30Dec2021 02:45:18.584] [Server thread/INFO] [STDERR/]: [net.yezon.theabyss.procedures.WhenDieInAbyssHandlerProcedure:executeProcedure:66]: 	at net.minecraft.server.MinecraftServer.func_240783_a_(MinecraftServer.java:232)
[30Dec2021 02:45:18.584] [Server thread/INFO] [STDERR/]: [net.yezon.theabyss.procedures.WhenDieInAbyssHandlerProcedure:executeProcedure:66]: 	at java.lang.Thread.run(Thread.java:748)
[30Dec2021 03:00:08.235] [Server thread/WARN] [net.minecraft.server.MinecraftServer/]: Can't keep up! Is the server overloaded? Running 2017ms or 40 ticks behind
[30Dec2021 03:01:27.663] [Server thread/INFO] [net.minecraftforge.common.AdvancementLoadFix/]: Using new advancement loading for net.minecraft.advancements.PlayerAdvancements@67696dae
[30Dec2021 03:04:21.726] [Server thread/INFO] [Scaling Health/]: Blight Zombie was killed by Deployer
[30Dec2021 03:06:00.425] [Server thread/INFO] [Scaling Health/]: Blight Zombie was killed by Deployer
[30Dec2021 03:06:54.859] [Server thread/INFO] [Scaling Health/]: Blight Skeleton was killed by DavidSoonLee
[30Dec2021 03:22:48.522] [Server thread/INFO] [STDERR/]: [net.yezon.theabyss.procedures.WhenDieInAbyssHandlerProcedure:executeProcedure:66]: java.io.FileNotFoundException: config/TheAbyss2.json (No such file or directory)
[30Dec2021 03:22:48.523] [Server thread/INFO] [STDERR/]: [net.yezon.theabyss.procedures.WhenDieInAbyssHandlerProcedure:executeProcedure:66]: 	at java.io.FileInputStream.open0(Native Method)
[30Dec2021 03:22:48.523] [Server thread/INFO] [STDERR/]: [net.yezon.theabyss.procedures.WhenDieInAbyssHandlerProcedure:executeProcedure:66]: 	at java.io.FileInputStream.open(FileInputStream.java:195)
[30Dec2021 03:22:48.524] [Server thread/INFO] [STDERR/]: [net.yezon.theabyss.procedures.WhenDieInAbyssHandlerProcedure:executeProcedure:66]: 	at java.io.FileInputStream.<init>(FileInputStream.java:138)
[30Dec2021 03:22:48.524] [Server thread/INFO] [STDERR/]: [net.yezon.theabyss.procedures.WhenDieInAbyssHandlerProcedure:executeProcedure:66]: 	at java.io.FileReader.<init>(FileReader.java:72)
[30Dec2021 03:22:48.524] [Server thread/INFO] [STDERR/]: [net.yezon.theabyss.procedures.WhenDieInAbyssHandlerProcedure:executeProcedure:66]: 	at net.yezon.theabyss.procedures.WhenDieInAbyssHandlerProcedure.executeProcedure(WhenDieInAbyssHandlerProcedure.java:56)
[30Dec2021 03:22:48.524] [Server thread/INFO] [STDERR/]: [net.yezon.theabyss.procedures.WhenDieInAbyssHandlerProcedure:executeProcedure:66]: 	at net.yezon.theabyss.procedures.WhenDieInAbyssHandlerProcedure.onPlayerInBed(WhenDieInAbyssHandlerProcedure.java:114)
[30Dec2021 03:22:48.525] [Server thread/INFO] [STDERR/]: [net.yezon.theabyss.procedures.WhenDieInAbyssHandlerProcedure:executeProcedure:66]: 	at net.minecraftforge.eventbus.ASMEventHandler_1337_WhenDieInAbyssHandlerProcedure_onPlayerInBed_PlayerSleepInBedEvent.invoke(.dynamic)
[30Dec2021 03:22:48.525] [Server thread/INFO] [STDERR/]: [net.yezon.theabyss.procedures.WhenDieInAbyssHandlerProcedure:executeProcedure:66]: 	at net.minecraftforge.eventbus.ASMEventHandler.invoke(ASMEventHandler.java:85)
[30Dec2021 03:22:48.525] [Server thread/INFO] [STDERR/]: [net.yezon.theabyss.procedures.WhenDieInAbyssHandlerProcedure:executeProcedure:66]: 	at net.minecraftforge.eventbus.EventBus.post(EventBus.java:302)
[30Dec2021 03:22:48.525] [Server thread/INFO] [STDERR/]: [net.yezon.theabyss.procedures.WhenDieInAbyssHandlerProcedure:executeProcedure:66]: 	at net.minecraftforge.eventbus.EventBus.post(EventBus.java:283)
[30Dec2021 03:22:48.525] [Server thread/INFO] [STDERR/]: [net.yezon.theabyss.procedures.WhenDieInAbyssHandlerProcedure:executeProcedure:66]: 	at net.minecraftforge.event.ForgeEventFactory.onPlayerSleepInBed(ForgeEventFactory.java:475)
[30Dec2021 03:22:48.525] [Server thread/INFO] [STDERR/]: [net.yezon.theabyss.procedures.WhenDieInAbyssHandlerProcedure:executeProcedure:66]: 	at net.minecraft.entity.player.ServerPlayerEntity.func_213819_a(ServerPlayerEntity.java:755)
[30Dec2021 03:22:48.526] [Server thread/INFO] [STDERR/]: [net.yezon.theabyss.procedures.WhenDieInAbyssHandlerProcedure:executeProcedure:66]: 	at net.minecraft.block.BedBlock.func_225533_a_(SourceFile:115)
[30Dec2021 03:22:48.526] [Server thread/INFO] [STDERR/]: [net.yezon.theabyss.procedures.WhenDieInAbyssHandlerProcedure:executeProcedure:66]: 	at net.minecraft.block.AbstractBlock$AbstractBlockState.func_227031_a_(AbstractBlock.java:640)
[30Dec2021 03:22:48.526] [Server thread/INFO] [STDERR/]: [net.yezon.theabyss.procedures.WhenDieInAbyssHandlerProcedure:executeProcedure:66]: 	at net.minecraft.server.management.PlayerInteractionManager.func_219441_a(PlayerInteractionManager.java:338)
[30Dec2021 03:22:48.526] [Server thread/INFO] [STDERR/]: [net.yezon.theabyss.procedures.WhenDieInAbyssHandlerProcedure:executeProcedure:66]: 	at net.minecraft.network.play.ServerPlayNetHandler.func_184337_a(ServerPlayNetHandler.java:958)
[30Dec2021 03:22:48.526] [Server thread/INFO] [STDERR/]: [net.yezon.theabyss.procedures.WhenDieInAbyssHandlerProcedure:executeProcedure:66]: 	at net.minecraft.network.play.client.CPlayerTryUseItemOnBlockPacket.func_148833_a(SourceFile:36)
[30Dec2021 03:22:48.526] [Server thread/INFO] [STDERR/]: [net.yezon.theabyss.procedures.WhenDieInAbyssHandlerProcedure:executeProcedure:66]: 	at net.minecraft.network.play.client.CPlayerTryUseItemOnBlockPacket.func_148833_a(SourceFile:10)
[30Dec2021 03:22:48.527] [Server thread/INFO] [STDERR/]: [net.yezon.theabyss.procedures.WhenDieInAbyssHandlerProcedure:executeProcedure:66]: 	at net.minecraft.network.PacketThreadUtil.func_225383_a(SourceFile:21)
[30Dec2021 03:22:48.527] [Server thread/INFO] [STDERR/]: [net.yezon.theabyss.procedures.WhenDieInAbyssHandlerProcedure:executeProcedure:66]: 	at net.minecraft.util.concurrent.TickDelayedTask.run(SourceFile:18)
[30Dec2021 03:22:48.527] [Server thread/INFO] [STDERR/]: [net.yezon.theabyss.procedures.WhenDieInAbyssHandlerProcedure:executeProcedure:66]: 	at net.minecraft.util.concurrent.ThreadTaskExecutor.func_213166_h(SourceFile:144)
[30Dec2021 03:22:48.527] [Server thread/INFO] [STDERR/]: [net.yezon.theabyss.procedures.WhenDieInAbyssHandlerProcedure:executeProcedure:66]: 	at net.minecraft.util.concurrent.RecursiveEventLoop.func_213166_h(SourceFile:23)
[30Dec2021 03:22:48.527] [Server thread/INFO] [STDERR/]: [net.yezon.theabyss.procedures.WhenDieInAbyssHandlerProcedure:executeProcedure:66]: 	at net.minecraft.server.MinecraftServer.func_213166_h(MinecraftServer.java:734)
[30Dec2021 03:22:48.527] [Server thread/INFO] [STDERR/]: [net.yezon.theabyss.procedures.WhenDieInAbyssHandlerProcedure:executeProcedure:66]: 	at net.minecraft.server.MinecraftServer.func_213166_h(MinecraftServer.java:159)
[30Dec2021 03:22:48.527] [Server thread/INFO] [STDERR/]: [net.yezon.theabyss.procedures.WhenDieInAbyssHandlerProcedure:executeProcedure:66]: 	at net.minecraft.util.concurrent.ThreadTaskExecutor.func_213168_p(SourceFile:118)
[30Dec2021 03:22:48.528] [Server thread/INFO] [STDERR/]: [net.yezon.theabyss.procedures.WhenDieInAbyssHandlerProcedure:executeProcedure:66]: 	at net.minecraft.server.MinecraftServer.func_213205_aW(MinecraftServer.java:717)
[30Dec2021 03:22:48.528] [Server thread/INFO] [STDERR/]: [net.yezon.theabyss.procedures.WhenDieInAbyssHandlerProcedure:executeProcedure:66]: 	at net.minecraft.server.MinecraftServer.func_213168_p(MinecraftServer.java:711)
[30Dec2021 03:22:48.528] [Server thread/INFO] [STDERR/]: [net.yezon.theabyss.procedures.WhenDieInAbyssHandlerProcedure:executeProcedure:66]: 	at net.minecraft.util.concurrent.ThreadTaskExecutor.func_213160_bf(SourceFile:103)
[30Dec2021 03:22:48.528] [Server thread/INFO] [STDERR/]: [net.yezon.theabyss.procedures.WhenDieInAbyssHandlerProcedure:executeProcedure:66]: 	at net.minecraft.server.MinecraftServer.func_213202_o(MinecraftServer.java:696)
[30Dec2021 03:22:48.528] [Server thread/INFO] [STDERR/]: [net.yezon.theabyss.procedures.WhenDieInAbyssHandlerProcedure:executeProcedure:66]: 	at net.minecraft.server.MinecraftServer.func_240802_v_(MinecraftServer.java:646)
[30Dec2021 03:22:48.529] [Server thread/INFO] [STDERR/]: [net.yezon.theabyss.procedures.WhenDieInAbyssHandlerProcedure:executeProcedure:66]: 	at net.minecraft.server.MinecraftServer.func_240783_a_(MinecraftServer.java:232)
[30Dec2021 03:22:48.529] [Server thread/INFO] [STDERR/]: [net.yezon.theabyss.procedures.WhenDieInAbyssHandlerProcedure:executeProcedure:66]: 	at java.lang.Thread.run(Thread.java:748)
[30Dec2021 03:23:01.556] [Server thread/INFO] [STDERR/]: [net.yezon.theabyss.procedures.WhenDieInAbyssHandlerProcedure:executeProcedure:66]: java.io.FileNotFoundException: config/TheAbyss2.json (No such file or directory)
[30Dec2021 03:23:01.557] [Server thread/INFO] [STDERR/]: [net.yezon.theabyss.procedures.WhenDieInAbyssHandlerProcedure:executeProcedure:66]: 	at java.io.FileInputStream.open0(Native Method)
[30Dec2021 03:23:01.557] [Server thread/INFO] [STDERR/]: [net.yezon.theabyss.procedures.WhenDieInAbyssHandlerProcedure:executeProcedure:66]: 	at java.io.FileInputStream.open(FileInputStream.java:195)
[30Dec2021 03:23:01.558] [Server thread/INFO] [STDERR/]: [net.yezon.theabyss.procedures.WhenDieInAbyssHandlerProcedure:executeProcedure:66]: 	at java.io.FileInputStream.<init>(FileInputStream.java:138)
[30Dec2021 03:23:01.558] [Server thread/INFO] [STDERR/]: [net.yezon.theabyss.procedures.WhenDieInAbyssHandlerProcedure:executeProcedure:66]: 	at java.io.FileReader.<init>(FileReader.java:72)
[30Dec2021 03:23:01.559] [Server thread/INFO] [STDERR/]: [net.yezon.theabyss.procedures.WhenDieInAbyssHandlerProcedure:executeProcedure:66]: 	at net.yezon.theabyss.procedures.WhenDieInAbyssHandlerProcedure.executeProcedure(WhenDieInAbyssHandlerProcedure.java:56)
[30Dec2021 03:23:01.559] [Server thread/INFO] [STDERR/]: [net.yezon.theabyss.procedures.WhenDieInAbyssHandlerProcedure:executeProcedure:66]: 	at net.yezon.theabyss.procedures.WhenDieInAbyssHandlerProcedure.onPlayerInBed(WhenDieInAbyssHandlerProcedure.java:114)
[30Dec2021 03:23:01.565] [Server thread/INFO] [STDERR/]: [net.yezon.theabyss.procedures.WhenDieInAbyssHandlerProcedure:executeProcedure:66]: 	at net.minecraftforge.eventbus.ASMEventHandler_1337_WhenDieInAbyssHandlerProcedure_onPlayerInBed_PlayerSleepInBedEvent.invoke(.dynamic)
[30Dec2021 03:23:01.566] [Server thread/INFO] [STDERR/]: [net.yezon.theabyss.procedures.WhenDieInAbyssHandlerProcedure:executeProcedure:66]: 	at net.minecraftforge.eventbus.ASMEventHandler.invoke(ASMEventHandler.java:85)
[30Dec2021 03:23:01.568] [Server thread/INFO] [STDERR/]: [net.yezon.theabyss.procedures.WhenDieInAbyssHandlerProcedure:executeProcedure:66]: 	at net.minecraftforge.eventbus.EventBus.post(EventBus.java:302)
[30Dec2021 03:23:01.568] [Server thread/INFO] [STDERR/]: [net.yezon.theabyss.procedures.WhenDieInAbyssHandlerProcedure:executeProcedure:66]: 	at net.minecraftforge.eventbus.EventBus.post(EventBus.java:283)
[30Dec2021 03:23:01.568] [Server thread/INFO] [STDERR/]: [net.yezon.theabyss.procedures.WhenDieInAbyssHandlerProcedure:executeProcedure:66]: 	at net.minecraftforge.event.ForgeEventFactory.onPlayerSleepInBed(ForgeEventFactory.java:475)
[30Dec2021 03:23:01.569] [Server thread/INFO] [STDERR/]: [net.yezon.theabyss.procedures.WhenDieInAbyssHandlerProcedure:executeProcedure:66]: 	at net.minecraft.entity.player.ServerPlayerEntity.func_213819_a(ServerPlayerEntity.java:755)
[30Dec2021 03:23:01.569] [Server thread/INFO] [STDERR/]: [net.yezon.theabyss.procedures.WhenDieInAbyssHandlerProcedure:executeProcedure:66]: 	at net.minecraft.block.BedBlock.func_225533_a_(SourceFile:115)
[30Dec2021 03:23:01.569] [Server thread/INFO] [STDERR/]: [net.yezon.theabyss.procedures.WhenDieInAbyssHandlerProcedure:executeProcedure:66]: 	at net.minecraft.block.AbstractBlock$AbstractBlockState.func_227031_a_(AbstractBlock.java:640)
[30Dec2021 03:23:01.569] [Server thread/INFO] [STDERR/]: [net.yezon.theabyss.procedures.WhenDieInAbyssHandlerProcedure:executeProcedure:66]: 	at net.minecraft.server.management.PlayerInteractionManager.func_219441_a(PlayerInteractionManager.java:338)
[30Dec2021 03:23:01.570] [Server thread/INFO] [STDERR/]: [net.yezon.theabyss.procedures.WhenDieInAbyssHandlerProcedure:executeProcedure:66]: 	at net.minecraft.network.play.ServerPlayNetHandler.func_184337_a(ServerPlayNetHandler.java:958)
[30Dec2021 03:23:01.570] [Server thread/INFO] [STDERR/]: [net.yezon.theabyss.procedures.WhenDieInAbyssHandlerProcedure:executeProcedure:66]: 	at net.minecraft.network.play.client.CPlayerTryUseItemOnBlockPacket.func_148833_a(SourceFile:36)
[30Dec2021 03:23:01.570] [Server thread/INFO] [STDERR/]: [net.yezon.theabyss.procedures.WhenDieInAbyssHandlerProcedure:executeProcedure:66]: 	at net.minecraft.network.play.client.CPlayerTryUseItemOnBlockPacket.func_148833_a(SourceFile:10)
[30Dec2021 03:23:01.570] [Server thread/INFO] [STDERR/]: [net.yezon.theabyss.procedures.WhenDieInAbyssHandlerProcedure:executeProcedure:66]: 	at net.minecraft.network.PacketThreadUtil.func_225383_a(SourceFile:21)
[30Dec2021 03:23:01.570] [Server thread/INFO] [STDERR/]: [net.yezon.theabyss.procedures.WhenDieInAbyssHandlerProcedure:executeProcedure:66]: 	at net.minecraft.util.concurrent.TickDelayedTask.run(SourceFile:18)
[30Dec2021 03:23:01.570] [Server thread/INFO] [STDERR/]: [net.yezon.theabyss.procedures.WhenDieInAbyssHandlerProcedure:executeProcedure:66]: 	at net.minecraft.util.concurrent.ThreadTaskExecutor.func_213166_h(SourceFile:144)
[30Dec2021 03:23:01.571] [Server thread/INFO] [STDERR/]: [net.yezon.theabyss.procedures.WhenDieInAbyssHandlerProcedure:executeProcedure:66]: 	at net.minecraft.util.concurrent.RecursiveEventLoop.func_213166_h(SourceFile:23)
[30Dec2021 03:23:01.571] [Server thread/INFO] [STDERR/]: [net.yezon.theabyss.procedures.WhenDieInAbyssHandlerProcedure:executeProcedure:66]: 	at net.minecraft.server.MinecraftServer.func_213166_h(MinecraftServer.java:734)
[30Dec2021 03:23:01.571] [Server thread/INFO] [STDERR/]: [net.yezon.theabyss.procedures.WhenDieInAbyssHandlerProcedure:executeProcedure:66]: 	at net.minecraft.server.MinecraftServer.func_213166_h(MinecraftServer.java:159)
[30Dec2021 03:23:01.572] [Server thread/INFO] [STDERR/]: [net.yezon.theabyss.procedures.WhenDieInAbyssHandlerProcedure:executeProcedure:66]: 	at net.minecraft.util.concurrent.ThreadTaskExecutor.func_213168_p(SourceFile:118)
[30Dec2021 03:23:01.572] [Server thread/INFO] [STDERR/]: [net.yezon.theabyss.procedures.WhenDieInAbyssHandlerProcedure:executeProcedure:66]: 	at net.minecraft.server.MinecraftServer.func_213205_aW(MinecraftServer.java:717)
[30Dec2021 03:23:01.572] [Server thread/INFO] [STDERR/]: [net.yezon.theabyss.procedures.WhenDieInAbyssHandlerProcedure:executeProcedure:66]: 	at net.minecraft.server.MinecraftServer.func_213168_p(MinecraftServer.java:711)
[30Dec2021 03:23:01.572] [Server thread/INFO] [STDERR/]: [net.yezon.theabyss.procedures.WhenDieInAbyssHandlerProcedure:executeProcedure:66]: 	at net.minecraft.util.concurrent.ThreadTaskExecutor.func_213160_bf(SourceFile:103)
[30Dec2021 03:23:01.572] [Server thread/INFO] [STDERR/]: [net.yezon.theabyss.procedures.WhenDieInAbyssHandlerProcedure:executeProcedure:66]: 	at net.minecraft.server.MinecraftServer.func_213202_o(MinecraftServer.java:696)
[30Dec2021 03:23:01.573] [Server thread/INFO] [STDERR/]: [net.yezon.theabyss.procedures.WhenDieInAbyssHandlerProcedure:executeProcedure:66]: 	at net.minecraft.server.MinecraftServer.func_240802_v_(MinecraftServer.java:646)
[30Dec2021 03:23:01.573] [Server thread/INFO] [STDERR/]: [net.yezon.theabyss.procedures.WhenDieInAbyssHandlerProcedure:executeProcedure:66]: 	at net.minecraft.server.MinecraftServer.func_240783_a_(MinecraftServer.java:232)
[30Dec2021 03:23:01.573] [Server thread/INFO] [STDERR/]: [net.yezon.theabyss.procedures.WhenDieInAbyssHandlerProcedure:executeProcedure:66]: 	at java.lang.Thread.run(Thread.java:748)
[30Dec2021 03:26:51.415] [Server thread/INFO] [Scaling Health/]: Blight Spider was killed by DavidSoonLee
[30Dec2021 03:29:09.360] [Server thread/WARN] [net.minecraft.network.play.ServerPlayNetHandler/]: DavidSoonLee moved too quickly! 8.567089237987659,4.308026063993964,3.2805995306473363
[30Dec2021 03:35:17.948] [Server thread/INFO] [STDERR/]: [net.yezon.theabyss.procedures.WhenDieInAbyssHandlerProcedure:executeProcedure:66]: java.io.FileNotFoundException: config/TheAbyss2.json (No such file or directory)
[30Dec2021 03:35:17.949] [Server thread/INFO] [STDERR/]: [net.yezon.theabyss.procedures.WhenDieInAbyssHandlerProcedure:executeProcedure:66]: 	at java.io.FileInputStream.open0(Native Method)
[30Dec2021 03:35:17.949] [Server thread/INFO] [STDERR/]: [net.yezon.theabyss.procedures.WhenDieInAbyssHandlerProcedure:executeProcedure:66]: 	at java.io.FileInputStream.open(FileInputStream.java:195)
[30Dec2021 03:35:17.949] [Server thread/INFO] [STDERR/]: [net.yezon.theabyss.procedures.WhenDieInAbyssHandlerProcedure:executeProcedure:66]: 	at java.io.FileInputStream.<init>(FileInputStream.java:138)
[30Dec2021 03:35:17.949] [Server thread/INFO] [STDERR/]: [net.yezon.theabyss.procedures.WhenDieInAbyssHandlerProcedure:executeProcedure:66]: 	at java.io.FileReader.<init>(FileReader.java:72)
[30Dec2021 03:35:17.950] [Server thread/INFO] [STDERR/]: [net.yezon.theabyss.procedures.WhenDieInAbyssHandlerProcedure:executeProcedure:66]: 	at net.yezon.theabyss.procedures.WhenDieInAbyssHandlerProcedure.executeProcedure(WhenDieInAbyssHandlerProcedure.java:56)
[30Dec2021 03:35:17.950] [Server thread/INFO] [STDERR/]: [net.yezon.theabyss.procedures.WhenDieInAbyssHandlerProcedure:executeProcedure:66]: 	at net.yezon.theabyss.procedures.WhenDieInAbyssHandlerProcedure.onPlayerInBed(WhenDieInAbyssHandlerProcedure.java:114)
[30Dec2021 03:35:17.950] [Server thread/INFO] [STDERR/]: [net.yezon.theabyss.procedures.WhenDieInAbyssHandlerProcedure:executeProcedure:66]: 	at net.minecraftforge.eventbus.ASMEventHandler_1337_WhenDieInAbyssHandlerProcedure_onPlayerInBed_PlayerSleepInBedEvent.invoke(.dynamic)
[30Dec2021 03:35:17.950] [Server thread/INFO] [STDERR/]: [net.yezon.theabyss.procedures.WhenDieInAbyssHandlerProcedure:executeProcedure:66]: 	at net.minecraftforge.eventbus.ASMEventHandler.invoke(ASMEventHandler.java:85)
[30Dec2021 03:35:17.950] [Server thread/INFO] [STDERR/]: [net.yezon.theabyss.procedures.WhenDieInAbyssHandlerProcedure:executeProcedure:66]: 	at net.minecraftforge.eventbus.EventBus.post(EventBus.java:302)
[30Dec2021 03:35:17.951] [Server thread/INFO] [STDERR/]: [net.yezon.theabyss.procedures.WhenDieInAbyssHandlerProcedure:executeProcedure:66]: 	at net.minecraftforge.eventbus.EventBus.post(EventBus.java:283)
[30Dec2021 03:35:17.951] [Server thread/INFO] [STDERR/]: [net.yezon.theabyss.procedures.WhenDieInAbyssHandlerProcedure:executeProcedure:66]: 	at net.minecraftforge.event.ForgeEventFactory.onPlayerSleepInBed(ForgeEventFactory.java:475)
[30Dec2021 03:35:17.951] [Server thread/INFO] [STDERR/]: [net.yezon.theabyss.procedures.WhenDieInAbyssHandlerProcedure:executeProcedure:66]: 	at net.minecraft.entity.player.ServerPlayerEntity.func_213819_a(ServerPlayerEntity.java:755)
[30Dec2021 03:35:17.951] [Server thread/INFO] [STDERR/]: [net.yezon.theabyss.procedures.WhenDieInAbyssHandlerProcedure:executeProcedure:66]: 	at net.minecraft.block.BedBlock.func_225533_a_(SourceFile:115)
[30Dec2021 03:35:17.951] [Server thread/INFO] [STDERR/]: [net.yezon.theabyss.procedures.WhenDieInAbyssHandlerProcedure:executeProcedure:66]: 	at net.minecraft.block.AbstractBlock$AbstractBlockState.func_227031_a_(AbstractBlock.java:640)
[30Dec2021 03:35:17.951] [Server thread/INFO] [STDERR/]: [net.yezon.theabyss.procedures.WhenDieInAbyssHandlerProcedure:executeProcedure:66]: 	at net.minecraft.server.management.PlayerInteractionManager.func_219441_a(PlayerInteractionManager.java:338)
[30Dec2021 03:35:17.952] [Server thread/INFO] [STDERR/]: [net.yezon.theabyss.procedures.WhenDieInAbyssHandlerProcedure:executeProcedure:66]: 	at net.minecraft.network.play.ServerPlayNetHandler.func_184337_a(ServerPlayNetHandler.java:958)
[30Dec2021 03:35:17.952] [Server thread/INFO] [STDERR/]: [net.yezon.theabyss.procedures.WhenDieInAbyssHandlerProcedure:executeProcedure:66]: 	at net.minecraft.network.play.client.CPlayerTryUseItemOnBlockPacket.func_148833_a(SourceFile:36)
[30Dec2021 03:35:17.952] [Server thread/INFO] [STDERR/]: [net.yezon.theabyss.procedures.WhenDieInAbyssHandlerProcedure:executeProcedure:66]: 	at net.minecraft.network.play.client.CPlayerTryUseItemOnBlockPacket.func_148833_a(SourceFile:10)
[30Dec2021 03:35:17.952] [Server thread/INFO] [STDERR/]: [net.yezon.theabyss.procedures.WhenDieInAbyssHandlerProcedure:executeProcedure:66]: 	at net.minecraft.network.PacketThreadUtil.func_225383_a(SourceFile:21)
[30Dec2021 03:35:17.952] [Server thread/INFO] [STDERR/]: [net.yezon.theabyss.procedures.WhenDieInAbyssHandlerProcedure:executeProcedure:66]: 	at net.minecraft.util.concurrent.TickDelayedTask.run(SourceFile:18)
[30Dec2021 03:35:17.952] [Server thread/INFO] [STDERR/]: [net.yezon.theabyss.procedures.WhenDieInAbyssHandlerProcedure:executeProcedure:66]: 	at net.minecraft.util.concurrent.ThreadTaskExecutor.func_213166_h(SourceFile:144)
[30Dec2021 03:35:17.953] [Server thread/INFO] [STDERR/]: [net.yezon.theabyss.procedures.WhenDieInAbyssHandlerProcedure:executeProcedure:66]: 	at net.minecraft.util.concurrent.RecursiveEventLoop.func_213166_h(SourceFile:23)
[30Dec2021 03:35:17.953] [Server thread/INFO] [STDERR/]: [net.yezon.theabyss.procedures.WhenDieInAbyssHandlerProcedure:executeProcedure:66]: 	at net.minecraft.server.MinecraftServer.func_213166_h(MinecraftServer.java:734)
[30Dec2021 03:35:17.953] [Server thread/INFO] [STDERR/]: [net.yezon.theabyss.procedures.WhenDieInAbyssHandlerProcedure:executeProcedure:66]: 	at net.minecraft.server.MinecraftServer.func_213166_h(MinecraftServer.java:159)
[30Dec2021 03:35:17.954] [Server thread/INFO] [STDERR/]: [net.yezon.theabyss.procedures.WhenDieInAbyssHandlerProcedure:executeProcedure:66]: 	at net.minecraft.util.concurrent.ThreadTaskExecutor.func_213168_p(SourceFile:118)
[30Dec2021 03:35:17.954] [Server thread/INFO] [STDERR/]: [net.yezon.theabyss.procedures.WhenDieInAbyssHandlerProcedure:executeProcedure:66]: 	at net.minecraft.server.MinecraftServer.func_213205_aW(MinecraftServer.java:717)
[30Dec2021 03:35:17.954] [Server thread/INFO] [STDERR/]: [net.yezon.theabyss.procedures.WhenDieInAbyssHandlerProcedure:executeProcedure:66]: 	at net.minecraft.server.MinecraftServer.func_213168_p(MinecraftServer.java:711)
[30Dec2021 03:35:17.954] [Server thread/INFO] [STDERR/]: [net.yezon.theabyss.procedures.WhenDieInAbyssHandlerProcedure:executeProcedure:66]: 	at net.minecraft.util.concurrent.ThreadTaskExecutor.func_213160_bf(SourceFile:103)
[30Dec2021 03:35:17.954] [Server thread/INFO] [STDERR/]: [net.yezon.theabyss.procedures.WhenDieInAbyssHandlerProcedure:executeProcedure:66]: 	at net.minecraft.server.MinecraftServer.func_213202_o(MinecraftServer.java:696)
[30Dec2021 03:35:17.954] [Server thread/INFO] [STDERR/]: [net.yezon.theabyss.procedures.WhenDieInAbyssHandlerProcedure:executeProcedure:66]: 	at net.minecraft.server.MinecraftServer.func_240802_v_(MinecraftServer.java:646)
[30Dec2021 03:35:17.954] [Server thread/INFO] [STDERR/]: [net.yezon.theabyss.procedures.WhenDieInAbyssHandlerProcedure:executeProcedure:66]: 	at net.minecraft.server.MinecraftServer.func_240783_a_(MinecraftServer.java:232)
[30Dec2021 03:35:17.954] [Server thread/INFO] [STDERR/]: [net.yezon.theabyss.procedures.WhenDieInAbyssHandlerProcedure:executeProcedure:66]: 	at java.lang.Thread.run(Thread.java:748)
[30Dec2021 03:35:19.597] [Server thread/INFO] [STDERR/]: [net.yezon.theabyss.procedures.WhenDieInAbyssHandlerProcedure:executeProcedure:66]: java.io.FileNotFoundException: config/TheAbyss2.json (No such file or directory)
[30Dec2021 03:35:19.598] [Server thread/INFO] [STDERR/]: [net.yezon.theabyss.procedures.WhenDieInAbyssHandlerProcedure:executeProcedure:66]: 	at java.io.FileInputStream.open0(Native Method)
[30Dec2021 03:35:19.598] [Server thread/INFO] [STDERR/]: [net.yezon.theabyss.procedures.WhenDieInAbyssHandlerProcedure:executeProcedure:66]: 	at java.io.FileInputStream.open(FileInputStream.java:195)
[30Dec2021 03:35:19.598] [Server thread/INFO] [STDERR/]: [net.yezon.theabyss.procedures.WhenDieInAbyssHandlerProcedure:executeProcedure:66]: 	at java.io.FileInputStream.<init>(FileInputStream.java:138)
[30Dec2021 03:35:19.599] [Server thread/INFO] [STDERR/]: [net.yezon.theabyss.procedures.WhenDieInAbyssHandlerProcedure:executeProcedure:66]: 	at java.io.FileReader.<init>(FileReader.java:72)
[30Dec2021 03:35:19.599] [Server thread/INFO] [STDERR/]: [net.yezon.theabyss.procedures.WhenDieInAbyssHandlerProcedure:executeProcedure:66]: 	at net.yezon.theabyss.procedures.WhenDieInAbyssHandlerProcedure.executeProcedure(WhenDieInAbyssHandlerProcedure.java:56)
[30Dec2021 03:35:19.599] [Server thread/INFO] [STDERR/]: [net.yezon.theabyss.procedures.WhenDieInAbyssHandlerProcedure:executeProcedure:66]: 	at net.yezon.theabyss.procedures.WhenDieInAbyssHandlerProcedure.onPlayerInBed(WhenDieInAbyssHandlerProcedure.java:114)
[30Dec2021 03:35:19.599] [Server thread/INFO] [STDERR/]: [net.yezon.theabyss.procedures.WhenDieInAbyssHandlerProcedure:executeProcedure:66]: 	at net.minecraftforge.eventbus.ASMEventHandler_1337_WhenDieInAbyssHandlerProcedure_onPlayerInBed_PlayerSleepInBedEvent.invoke(.dynamic)
[30Dec2021 03:35:19.599] [Server thread/INFO] [STDERR/]: [net.yezon.theabyss.procedures.WhenDieInAbyssHandlerProcedure:executeProcedure:66]: 	at net.minecraftforge.eventbus.ASMEventHandler.invoke(ASMEventHandler.java:85)
[30Dec2021 03:35:19.600] [Server thread/INFO] [STDERR/]: [net.yezon.theabyss.procedures.WhenDieInAbyssHandlerProcedure:executeProcedure:66]: 	at net.minecraftforge.eventbus.EventBus.post(EventBus.java:302)
[30Dec2021 03:35:19.600] [Server thread/INFO] [STDERR/]: [net.yezon.theabyss.procedures.WhenDieInAbyssHandlerProcedure:executeProcedure:66]: 	at net.minecraftforge.eventbus.EventBus.post(EventBus.java:283)
[30Dec2021 03:35:19.600] [Server thread/INFO] [STDERR/]: [net.yezon.theabyss.procedures.WhenDieInAbyssHandlerProcedure:executeProcedure:66]: 	at net.minecraftforge.event.ForgeEventFactory.onPlayerSleepInBed(ForgeEventFactory.java:475)
[30Dec2021 03:35:19.600] [Server thread/INFO] [STDERR/]: [net.yezon.theabyss.procedures.WhenDieInAbyssHandlerProcedure:executeProcedure:66]: 	at net.minecraft.entity.player.ServerPlayerEntity.func_213819_a(ServerPlayerEntity.java:755)
[30Dec2021 03:35:19.600] [Server thread/INFO] [STDERR/]: [net.yezon.theabyss.procedures.WhenDieInAbyssHandlerProcedure:executeProcedure:66]: 	at net.minecraft.block.BedBlock.func_225533_a_(SourceFile:115)
[30Dec2021 03:35:19.600] [Server thread/INFO] [STDERR/]: [net.yezon.theabyss.procedures.WhenDieInAbyssHandlerProcedure:executeProcedure:66]: 	at net.minecraft.block.AbstractBlock$AbstractBlockState.func_227031_a_(AbstractBlock.java:640)
[30Dec2021 03:35:19.601] [Server thread/INFO] [STDERR/]: [net.yezon.theabyss.procedures.WhenDieInAbyssHandlerProcedure:executeProcedure:66]: 	at net.minecraft.server.management.PlayerInteractionManager.func_219441_a(PlayerInteractionManager.java:338)
[30Dec2021 03:35:19.601] [Server thread/INFO] [STDERR/]: [net.yezon.theabyss.procedures.WhenDieInAbyssHandlerProcedure:executeProcedure:66]: 	at net.minecraft.network.play.ServerPlayNetHandler.func_184337_a(ServerPlayNetHandler.java:958)
[30Dec2021 03:35:19.601] [Server thread/INFO] [STDERR/]: [net.yezon.theabyss.procedures.WhenDieInAbyssHandlerProcedure:executeProcedure:66]: 	at net.minecraft.network.play.client.CPlayerTryUseItemOnBlockPacket.func_148833_a(SourceFile:36)
[30Dec2021 03:35:19.601] [Server thread/INFO] [STDERR/]: [net.yezon.theabyss.procedures.WhenDieInAbyssHandlerProcedure:executeProcedure:66]: 	at net.minecraft.network.play.client.CPlayerTryUseItemOnBlockPacket.func_148833_a(SourceFile:10)
[30Dec2021 03:35:19.601] [Server thread/INFO] [STDERR/]: [net.yezon.theabyss.procedures.WhenDieInAbyssHandlerProcedure:executeProcedure:66]: 	at net.minecraft.network.PacketThreadUtil.func_225383_a(SourceFile:21)
[30Dec2021 03:35:19.602] [Server thread/INFO] [STDERR/]: [net.yezon.theabyss.procedures.WhenDieInAbyssHandlerProcedure:executeProcedure:66]: 	at net.minecraft.util.concurrent.TickDelayedTask.run(SourceFile:18)
[30Dec2021 03:35:19.602] [Server thread/INFO] [STDERR/]: [net.yezon.theabyss.procedures.WhenDieInAbyssHandlerProcedure:executeProcedure:66]: 	at net.minecraft.util.concurrent.ThreadTaskExecutor.func_213166_h(SourceFile:144)
[30Dec2021 03:35:19.602] [Server thread/INFO] [STDERR/]: [net.yezon.theabyss.procedures.WhenDieInAbyssHandlerProcedure:executeProcedure:66]: 	at net.minecraft.util.concurrent.RecursiveEventLoop.func_213166_h(SourceFile:23)
[30Dec2021 03:35:19.602] [Server thread/INFO] [STDERR/]: [net.yezon.theabyss.procedures.WhenDieInAbyssHandlerProcedure:executeProcedure:66]: 	at net.minecraft.server.MinecraftServer.func_213166_h(MinecraftServer.java:734)
[30Dec2021 03:35:19.602] [Server thread/INFO] [STDERR/]: [net.yezon.theabyss.procedures.WhenDieInAbyssHandlerProcedure:executeProcedure:66]: 	at net.minecraft.server.MinecraftServer.func_213166_h(MinecraftServer.java:159)
[30Dec2021 03:35:19.602] [Server thread/INFO] [STDERR/]: [net.yezon.theabyss.procedures.WhenDieInAbyssHandlerProcedure:executeProcedure:66]: 	at net.minecraft.util.concurrent.ThreadTaskExecutor.func_213168_p(SourceFile:118)
[30Dec2021 03:35:19.603] [Server thread/INFO] [STDERR/]: [net.yezon.theabyss.procedures.WhenDieInAbyssHandlerProcedure:executeProcedure:66]: 	at net.minecraft.server.MinecraftServer.func_213205_aW(MinecraftServer.java:717)
[30Dec2021 03:35:19.603] [Server thread/INFO] [STDERR/]: [net.yezon.theabyss.procedures.WhenDieInAbyssHandlerProcedure:executeProcedure:66]: 	at net.minecraft.server.MinecraftServer.func_213168_p(MinecraftServer.java:711)
[30Dec2021 03:35:19.603] [Server thread/INFO] [STDERR/]: [net.yezon.theabyss.procedures.WhenDieInAbyssHandlerProcedure:executeProcedure:66]: 	at net.minecraft.util.concurrent.ThreadTaskExecutor.func_213160_bf(SourceFile:103)
[30Dec2021 03:35:19.603] [Server thread/INFO] [STDERR/]: [net.yezon.theabyss.procedures.WhenDieInAbyssHandlerProcedure:executeProcedure:66]: 	at net.minecraft.server.MinecraftServer.func_213202_o(MinecraftServer.java:696)
[30Dec2021 03:35:19.603] [Server thread/INFO] [STDERR/]: [net.yezon.theabyss.procedures.WhenDieInAbyssHandlerProcedure:executeProcedure:66]: 	at net.minecraft.server.MinecraftServer.func_240802_v_(MinecraftServer.java:646)
[30Dec2021 03:35:19.604] [Server thread/INFO] [STDERR/]: [net.yezon.theabyss.procedures.WhenDieInAbyssHandlerProcedure:executeProcedure:66]: 	at net.minecraft.server.MinecraftServer.func_240783_a_(MinecraftServer.java:232)
[30Dec2021 03:35:19.604] [Server thread/INFO] [STDERR/]: [net.yezon.theabyss.procedures.WhenDieInAbyssHandlerProcedure:executeProcedure:66]: 	at java.lang.Thread.run(Thread.java:748)
[30Dec2021 03:56:14.281] [Server thread/INFO] [Scaling Health/]: Blight Fly has died
[30Dec2021 04:19:12.928] [Server thread/INFO] [Scaling Health/]: Blight Cockroach has died
[30Dec2021 04:24:56.925] [Server thread/INFO] [net.minecraftforge.common.AdvancementLoadFix/]: Using new advancement loading for net.minecraft.advancements.PlayerAdvancements@43bba9a8
[30Dec2021 04:30:16.531] [Server thread/INFO] [com.dynamic_view.DynView/]: Mean tick: 49ms decreasing chunk view distance to: 19
[30Dec2021 04:30:29.979] [Server thread/INFO] [com.dynamic_view.DynView/]: Mean tick: 40ms increasing chunk view distance to: 20
[30Dec2021 04:31:00.128] [Server thread/INFO] [Scaling Health/]: Blight Zombie was killed by DavidSoonLee
[30Dec2021 04:31:22.878] [Server thread/INFO] [Scaling Health/]: Blight Zombie was killed by DavidSoonLee
[30Dec2021 04:33:12.197] [Server thread/INFO] [net.minecraft.entity.Entity/]: Villager VillagerEntity['Cartographer'/19838, l='ServerLevel[AHHHHHHHHHHHHHHHHHHHHHHHH]', x=1663.78, y=73.00, z=-420.28] died, message: 'Cartographer was slain by Vindicator'
[30Dec2021 04:33:20.735] [Server thread/INFO] [net.minecraft.entity.Entity/]: Villager VillagerEntity['Cartographer'/19786, l='ServerLevel[AHHHHHHHHHHHHHHHHHHHHHHHH]', x=1660.52, y=74.00, z=-418.30] died, message: 'Cartographer was slain by Vindicator'
[30Dec2021 04:33:26.954] [Server thread/INFO] [net.minecraft.entity.Entity/]: Villager VillagerEntity['Butcher'/19787, l='ServerLevel[AHHHHHHHHHHHHHHHHHHHHHHHH]', x=1648.64, y=77.00, z=-429.43] died, message: 'Butcher was shot by Pillager'
[30Dec2021 04:48:22.110] [Server thread/INFO] [net.minecraft.network.play.ServerPlayNetHandler/]: DavidSoonLee lost connection: Disconnected
[30Dec2021 04:48:22.111] [Server thread/INFO] [net.minecraft.server.dedicated.DedicatedServer/]: DavidSoonLee left the game
[30Dec2021 07:06:47.166] [Netty Epoll Server IO #7/ERROR] [net.minecraftforge.fml.network.NetworkRegistry/NETREGISTRY]: Channels [theabyss:theabyss,mantle:network,cfm:network,silentlib:network,flywheel:network,autoreglib:main,tconstruct:network,create:network,alexsmobs:main_channel,bloodmagic:main,immersiveengineering:main,cgm:play,mowziesmobs:net,boss_tools:boss_tools,astralsorcery:net_channel,mekanism:mekanism,botania:chan,spartanweaponry:network,carryon:carryonpackets,mekanismgenerators:mekanismgenerators,citadel:main_channel,dungeonsartifacts:dungeonsartifacts,mutantbeasts:main,curios:main,chococraft:main,polymorph:main,pehkui:main,quark:main,scalinghealth:network,patchouli:main,chisel:main,artifacts:main,geckolib3:main,elevatorid:main_channel,twilightforest:channel,waystones:network] rejected vanilla connections
[30Dec2021 07:06:47.167] [Netty Epoll Server IO #7/INFO] [net.minecraftforge.fml.server.ServerLifecycleHooks/SERVERHOOKS]: Disconnecting VANILLA connection attempt: This server has mods that require Forge to be installed on the client. Contact your server admin for more details.
[30Dec2021 07:26:40.395] [Netty Epoll Server IO #5/ERROR] [net.minecraftforge.fml.network.NetworkRegistry/NETREGISTRY]: Channels [theabyss:theabyss,mantle:network,cfm:network,silentlib:network,flywheel:network,autoreglib:main,tconstruct:network,create:network,alexsmobs:main_channel,bloodmagic:main,immersiveengineering:main,cgm:play,mowziesmobs:net,boss_tools:boss_tools,astralsorcery:net_channel,mekanism:mekanism,botania:chan,spartanweaponry:network,carryon:carryonpackets,mekanismgenerators:mekanismgenerators,citadel:main_channel,dungeonsartifacts:dungeonsartifacts,mutantbeasts:main,curios:main,chococraft:main,polymorph:main,pehkui:main,quark:main,scalinghealth:network,patchouli:main,chisel:main,artifacts:main,geckolib3:main,elevatorid:main_channel,twilightforest:channel,waystones:network] rejected vanilla connections
[30Dec2021 07:26:40.395] [Netty Epoll Server IO #5/INFO] [net.minecraftforge.fml.server.ServerLifecycleHooks/SERVERHOOKS]: Disconnecting VANILLA connection attempt: This server has mods that require Forge to be installed on the client. Contact your server admin for more details.
[30Dec2021 09:46:58.634] [Netty Epoll Server IO #1/ERROR] [net.minecraftforge.fml.network.NetworkRegistry/NETREGISTRY]: Channels [theabyss:theabyss,mantle:network,cfm:network,silentlib:network,flywheel:network,autoreglib:main,tconstruct:network,create:network,alexsmobs:main_channel,bloodmagic:main,immersiveengineering:main,cgm:play,mowziesmobs:net,boss_tools:boss_tools,astralsorcery:net_channel,mekanism:mekanism,botania:chan,spartanweaponry:network,carryon:carryonpackets,mekanismgenerators:mekanismgenerators,citadel:main_channel,dungeonsartifacts:dungeonsartifacts,mutantbeasts:main,curios:main,chococraft:main,polymorph:main,pehkui:main,quark:main,scalinghealth:network,patchouli:main,chisel:main,artifacts:main,geckolib3:main,elevatorid:main_channel,twilightforest:channel,waystones:network] rejected vanilla connections
[30Dec2021 09:46:58.634] [Netty Epoll Server IO #1/INFO] [net.minecraftforge.fml.server.ServerLifecycleHooks/SERVERHOOKS]: Disconnecting VANILLA connection attempt: This server has mods that require Forge to be installed on the client. Contact your server admin for more details.
[30Dec2021 10:08:42.136] [Netty Epoll Server IO #5/ERROR] [net.minecraftforge.fml.network.NetworkRegistry/NETREGISTRY]: Channels [theabyss:theabyss,mantle:network,cfm:network,silentlib:network,flywheel:network,autoreglib:main,tconstruct:network,create:network,alexsmobs:main_channel,bloodmagic:main,immersiveengineering:main,cgm:play,mowziesmobs:net,boss_tools:boss_tools,astralsorcery:net_channel,mekanism:mekanism,botania:chan,spartanweaponry:network,carryon:carryonpackets,mekanismgenerators:mekanismgenerators,citadel:main_channel,dungeonsartifacts:dungeonsartifacts,mutantbeasts:main,curios:main,chococraft:main,polymorph:main,pehkui:main,quark:main,scalinghealth:network,patchouli:main,chisel:main,artifacts:main,geckolib3:main,elevatorid:main_channel,twilightforest:channel,waystones:network] rejected vanilla connections
[30Dec2021 10:08:42.138] [Netty Epoll Server IO #5/INFO] [net.minecraftforge.fml.server.ServerLifecycleHooks/SERVERHOOKS]: Disconnecting VANILLA connection attempt: This server has mods that require Forge to be installed on the client. Contact your server admin for more details.
[30Dec2021 12:20:22.806] [Netty Epoll Server IO #3/ERROR] [net.minecraftforge.fml.network.NetworkRegistry/NETREGISTRY]: Channels [theabyss:theabyss,mantle:network,cfm:network,silentlib:network,flywheel:network,autoreglib:main,tconstruct:network,create:network,alexsmobs:main_channel,bloodmagic:main,immersiveengineering:main,cgm:play,mowziesmobs:net,boss_tools:boss_tools,astralsorcery:net_channel,mekanism:mekanism,botania:chan,spartanweaponry:network,carryon:carryonpackets,mekanismgenerators:mekanismgenerators,citadel:main_channel,dungeonsartifacts:dungeonsartifacts,mutantbeasts:main,curios:main,chococraft:main,polymorph:main,pehkui:main,quark:main,scalinghealth:network,patchouli:main,chisel:main,artifacts:main,geckolib3:main,elevatorid:main_channel,twilightforest:channel,waystones:network] rejected vanilla connections
[30Dec2021 12:20:22.806] [Netty Epoll Server IO #3/INFO] [net.minecraftforge.fml.server.ServerLifecycleHooks/SERVERHOOKS]: Disconnecting VANILLA connection attempt: This server has mods that require Forge to be installed on the client. Contact your server admin for more details.
[30Dec2021 12:41:37.717] [Netty Epoll Server IO #7/ERROR] [net.minecraftforge.fml.network.NetworkRegistry/NETREGISTRY]: Channels [theabyss:theabyss,mantle:network,cfm:network,silentlib:network,flywheel:network,autoreglib:main,tconstruct:network,create:network,alexsmobs:main_channel,bloodmagic:main,immersiveengineering:main,cgm:play,mowziesmobs:net,boss_tools:boss_tools,astralsorcery:net_channel,mekanism:mekanism,botania:chan,spartanweaponry:network,carryon:carryonpackets,mekanismgenerators:mekanismgenerators,citadel:main_channel,dungeonsartifacts:dungeonsartifacts,mutantbeasts:main,curios:main,chococraft:main,polymorph:main,pehkui:main,quark:main,scalinghealth:network,patchouli:main,chisel:main,artifacts:main,geckolib3:main,elevatorid:main_channel,twilightforest:channel,waystones:network] rejected vanilla connections
[30Dec2021 12:41:37.717] [Netty Epoll Server IO #7/INFO] [net.minecraftforge.fml.server.ServerLifecycleHooks/SERVERHOOKS]: Disconnecting VANILLA connection attempt: This server has mods that require Forge to be installed on the client. Contact your server admin for more details.
[30Dec2021 15:01:06.564] [Netty Epoll Server IO #7/ERROR] [net.minecraftforge.fml.network.NetworkRegistry/NETREGISTRY]: Channels [theabyss:theabyss,mantle:network,cfm:network,silentlib:network,flywheel:network,autoreglib:main,tconstruct:network,create:network,alexsmobs:main_channel,bloodmagic:main,immersiveengineering:main,cgm:play,mowziesmobs:net,boss_tools:boss_tools,astralsorcery:net_channel,mekanism:mekanism,botania:chan,spartanweaponry:network,carryon:carryonpackets,mekanismgenerators:mekanismgenerators,citadel:main_channel,dungeonsartifacts:dungeonsartifacts,mutantbeasts:main,curios:main,chococraft:main,polymorph:main,pehkui:main,quark:main,scalinghealth:network,patchouli:main,chisel:main,artifacts:main,geckolib3:main,elevatorid:main_channel,twilightforest:channel,waystones:network] rejected vanilla connections
[30Dec2021 15:01:06.565] [Netty Epoll Server IO #7/INFO] [net.minecraftforge.fml.server.ServerLifecycleHooks/SERVERHOOKS]: Disconnecting VANILLA connection attempt: This server has mods that require Forge to be installed on the client. Contact your server admin for more details.
[30Dec2021 15:22:25.718] [Netty Epoll Server IO #4/ERROR] [net.minecraftforge.fml.network.NetworkRegistry/NETREGISTRY]: Channels [theabyss:theabyss,mantle:network,cfm:network,silentlib:network,flywheel:network,autoreglib:main,tconstruct:network,create:network,alexsmobs:main_channel,bloodmagic:main,immersiveengineering:main,cgm:play,mowziesmobs:net,boss_tools:boss_tools,astralsorcery:net_channel,mekanism:mekanism,botania:chan,spartanweaponry:network,carryon:carryonpackets,mekanismgenerators:mekanismgenerators,citadel:main_channel,dungeonsartifacts:dungeonsartifacts,mutantbeasts:main,curios:main,chococraft:main,polymorph:main,pehkui:main,quark:main,scalinghealth:network,patchouli:main,chisel:main,artifacts:main,geckolib3:main,elevatorid:main_channel,twilightforest:channel,waystones:network] rejected vanilla connections
[30Dec2021 15:22:25.719] [Netty Epoll Server IO #4/INFO] [net.minecraftforge.fml.server.ServerLifecycleHooks/SERVERHOOKS]: Disconnecting VANILLA connection attempt: This server has mods that require Forge to be installed on the client. Contact your server admin for more details.
[30Dec2021 17:25:19.252] [Netty Epoll Server IO #7/ERROR] [net.minecraftforge.fml.network.NetworkRegistry/NETREGISTRY]: Channels [theabyss:theabyss,mantle:network,cfm:network,silentlib:network,flywheel:network,autoreglib:main,tconstruct:network,create:network,alexsmobs:main_channel,bloodmagic:main,immersiveengineering:main,cgm:play,mowziesmobs:net,boss_tools:boss_tools,astralsorcery:net_channel,mekanism:mekanism,botania:chan,spartanweaponry:network,carryon:carryonpackets,mekanismgenerators:mekanismgenerators,citadel:main_channel,dungeonsartifacts:dungeonsartifacts,mutantbeasts:main,curios:main,chococraft:main,polymorph:main,pehkui:main,quark:main,scalinghealth:network,patchouli:main,chisel:main,artifacts:main,geckolib3:main,elevatorid:main_channel,twilightforest:channel,waystones:network] rejected vanilla connections
[30Dec2021 17:25:19.256] [Netty Epoll Server IO #7/INFO] [net.minecraftforge.fml.server.ServerLifecycleHooks/SERVERHOOKS]: Disconnecting VANILLA connection attempt: This server has mods that require Forge to be installed on the client. Contact your server admin for more details.
[30Dec2021 17:49:03.962] [Netty Epoll Server IO #4/ERROR] [net.minecraftforge.fml.network.NetworkRegistry/NETREGISTRY]: Channels [theabyss:theabyss,mantle:network,cfm:network,silentlib:network,flywheel:network,autoreglib:main,tconstruct:network,create:network,alexsmobs:main_channel,bloodmagic:main,immersiveengineering:main,cgm:play,mowziesmobs:net,boss_tools:boss_tools,astralsorcery:net_channel,mekanism:mekanism,botania:chan,spartanweaponry:network,carryon:carryonpackets,mekanismgenerators:mekanismgenerators,citadel:main_channel,dungeonsartifacts:dungeonsartifacts,mutantbeasts:main,curios:main,chococraft:main,polymorph:main,pehkui:main,quark:main,scalinghealth:network,patchouli:main,chisel:main,artifacts:main,geckolib3:main,elevatorid:main_channel,twilightforest:channel,waystones:network] rejected vanilla connections
[30Dec2021 17:49:03.963] [Netty Epoll Server IO #4/INFO] [net.minecraftforge.fml.server.ServerLifecycleHooks/SERVERHOOKS]: Disconnecting VANILLA connection attempt: This server has mods that require Forge to be installed on the client. Contact your server admin for more details.
[30Dec2021 20:10:47.937] [Netty Epoll Server IO #1/ERROR] [net.minecraftforge.fml.network.NetworkRegistry/NETREGISTRY]: Channels [theabyss:theabyss,mantle:network,cfm:network,silentlib:network,flywheel:network,autoreglib:main,tconstruct:network,create:network,alexsmobs:main_channel,bloodmagic:main,immersiveengineering:main,cgm:play,mowziesmobs:net,boss_tools:boss_tools,astralsorcery:net_channel,mekanism:mekanism,botania:chan,spartanweaponry:network,carryon:carryonpackets,mekanismgenerators:mekanismgenerators,citadel:main_channel,dungeonsartifacts:dungeonsartifacts,mutantbeasts:main,curios:main,chococraft:main,polymorph:main,pehkui:main,quark:main,scalinghealth:network,patchouli:main,chisel:main,artifacts:main,geckolib3:main,elevatorid:main_channel,twilightforest:channel,waystones:network] rejected vanilla connections
[30Dec2021 20:10:47.938] [Netty Epoll Server IO #1/INFO] [net.minecraftforge.fml.server.ServerLifecycleHooks/SERVERHOOKS]: Disconnecting VANILLA connection attempt: This server has mods that require Forge to be installed on the client. Contact your server admin for more details.
[30Dec2021 22:49:55.415] [Netty Epoll Server IO #0/ERROR] [net.minecraftforge.fml.network.NetworkRegistry/NETREGISTRY]: Channels [theabyss:theabyss,mantle:network,cfm:network,silentlib:network,flywheel:network,autoreglib:main,tconstruct:network,create:network,alexsmobs:main_channel,bloodmagic:main,immersiveengineering:main,cgm:play,mowziesmobs:net,boss_tools:boss_tools,astralsorcery:net_channel,mekanism:mekanism,botania:chan,spartanweaponry:network,carryon:carryonpackets,mekanismgenerators:mekanismgenerators,citadel:main_channel,dungeonsartifacts:dungeonsartifacts,mutantbeasts:main,curios:main,chococraft:main,polymorph:main,pehkui:main,quark:main,scalinghealth:network,patchouli:main,chisel:main,artifacts:main,geckolib3:main,elevatorid:main_channel,twilightforest:channel,waystones:network] rejected vanilla connections
[30Dec2021 22:49:55.415] [Netty Epoll Server IO #0/INFO] [net.minecraftforge.fml.server.ServerLifecycleHooks/SERVERHOOKS]: Disconnecting VANILLA connection attempt: This server has mods that require Forge to be installed on the client. Contact your server admin for more details.
[30Dec2021 23:35:55.973] [Server thread/INFO] [net.minecraft.server.dedicated.DedicatedServer/]: There are 0 of a max of 20 players online: 
[30Dec2021 23:41:34.753] [Server thread/INFO] [net.minecraft.server.MinecraftServer/]: Stopping server
[30Dec2021 23:41:34.755] [Server thread/INFO] [net.minecraft.server.MinecraftServer/]: Saving players
[30Dec2021 23:41:34.755] [Server thread/INFO] [net.minecraft.server.MinecraftServer/]: Saving worlds
[30Dec2021 23:41:34.756] [Server thread/INFO] [net.minecraft.server.MinecraftServer/]: Saving chunks for level 'ServerLevel[AHHHHHHHHHHHHHHHHHHHHHHHH]'/minecraft:overworld
[30Dec2021 23:41:34.990] [Server thread/INFO] [net.minecraft.world.server.ChunkManager/]: ThreadedAnvilChunkStorage (AHHHHHHHHHHHHHHHHHHHHHHHH): All chunks are saved
[30Dec2021 23:41:34.990] [Server thread/INFO] [net.minecraft.server.MinecraftServer/]: Saving chunks for level 'ServerLevel[AHHHHHHHHHHHHHHHHHHHHHHHH]'/minecraft:the_nether
[30Dec2021 23:41:34.992] [Server thread/INFO] [net.minecraft.world.server.ChunkManager/]: ThreadedAnvilChunkStorage (DIM-1): All chunks are saved
[30Dec2021 23:41:34.992] [Server thread/INFO] [net.minecraft.server.MinecraftServer/]: Saving chunks for level 'ServerLevel[AHHHHHHHHHHHHHHHHHHHHHHHH]'/minecraft:the_end
[30Dec2021 23:41:34.993] [Server thread/INFO] [net.minecraft.world.server.ChunkManager/]: ThreadedAnvilChunkStorage (DIM1): All chunks are saved
[30Dec2021 23:41:34.993] [Server thread/INFO] [net.minecraft.server.MinecraftServer/]: Saving chunks for level 'ServerLevel[AHHHHHHHHHHHHHHHHHHHHHHHH]'/bloodmagic:dungeon
[30Dec2021 23:41:34.994] [Server thread/INFO] [net.minecraft.world.server.ChunkManager/]: ThreadedAnvilChunkStorage (dungeon): All chunks are saved
[30Dec2021 23:41:34.994] [Server thread/INFO] [net.minecraft.server.MinecraftServer/]: Saving chunks for level 'ServerLevel[AHHHHHHHHHHHHHHHHHHHHHHHH]'/theabyss:the_end_of_time_2
[30Dec2021 23:41:34.995] [Server thread/INFO] [net.minecraft.world.server.ChunkManager/]: ThreadedAnvilChunkStorage (the_end_of_time_2): All chunks are saved
[30Dec2021 23:41:34.995] [Server thread/INFO] [net.minecraft.server.MinecraftServer/]: Saving chunks for level 'ServerLevel[AHHHHHHHHHHHHHHHHHHHHHHHH]'/boss_tools:orbit_venus
[30Dec2021 23:41:34.996] [Server thread/INFO] [net.minecraft.world.server.ChunkManager/]: ThreadedAnvilChunkStorage (orbit_venus): All chunks are saved
[30Dec2021 23:41:34.996] [Server thread/INFO] [net.minecraft.server.MinecraftServer/]: Saving chunks for level 'ServerLevel[AHHHHHHHHHHHHHHHHHHHHHHHH]'/twilightforest:twilightforest
[30Dec2021 23:41:34.997] [Server thread/INFO] [net.minecraft.world.server.ChunkManager/]: ThreadedAnvilChunkStorage (twilightforest): All chunks are saved
[30Dec2021 23:41:34.997] [Server thread/INFO] [net.minecraft.server.MinecraftServer/]: Saving chunks for level 'ServerLevel[AHHHHHHHHHHHHHHHHHHHHHHHH]'/boss_tools:mercury
[30Dec2021 23:41:34.998] [Server thread/INFO] [net.minecraft.world.server.ChunkManager/]: ThreadedAnvilChunkStorage (mercury): All chunks are saved
[30Dec2021 23:41:34.999] [Server thread/INFO] [net.minecraft.server.MinecraftServer/]: Saving chunks for level 'ServerLevel[AHHHHHHHHHHHHHHHHHHHHHHHH]'/boss_tools:orbit_mars
[30Dec2021 23:41:35.000] [Server thread/INFO] [net.minecraft.world.server.ChunkManager/]: ThreadedAnvilChunkStorage (orbit_mars): All chunks are saved
[30Dec2021 23:41:35.000] [Server thread/INFO] [net.minecraft.server.MinecraftServer/]: Saving chunks for level 'ServerLevel[AHHHHHHHHHHHHHHHHHHHHHHHH]'/twilightforest:skylight_forest
[30Dec2021 23:41:35.000] [Server thread/INFO] [net.minecraft.world.server.ChunkManager/]: ThreadedAnvilChunkStorage (skylight_forest): All chunks are saved
[30Dec2021 23:41:35.001] [Server thread/INFO] [net.minecraft.server.MinecraftServer/]: Saving chunks for level 'ServerLevel[AHHHHHHHHHHHHHHHHHHHHHHHH]'/theabyss:death
[30Dec2021 23:41:35.001] [Server thread/INFO] [net.minecraft.world.server.ChunkManager/]: ThreadedAnvilChunkStorage (death): All chunks are saved
[30Dec2021 23:41:35.002] [Server thread/INFO] [net.minecraft.server.MinecraftServer/]: Saving chunks for level 'ServerLevel[AHHHHHHHHHHHHHHHHHHHHHHHH]'/boss_tools:orbit_mercury
[30Dec2021 23:41:35.002] [Server thread/INFO] [net.minecraft.world.server.ChunkManager/]: ThreadedAnvilChunkStorage (orbit_mercury): All chunks are saved
[30Dec2021 23:41:35.003] [Server thread/INFO] [net.minecraft.server.MinecraftServer/]: Saving chunks for level 'ServerLevel[AHHHHHHHHHHHHHHHHHHHHHHHH]'/theabyss:the_end_of_time
[30Dec2021 23:41:35.003] [Server thread/INFO] [net.minecraft.world.server.ChunkManager/]: ThreadedAnvilChunkStorage (the_end_of_time): All chunks are saved
[30Dec2021 23:41:35.003] [Server thread/INFO] [net.minecraft.server.MinecraftServer/]: Saving chunks for level 'ServerLevel[AHHHHHHHHHHHHHHHHHHHHHHHH]'/boss_tools:mars
[30Dec2021 23:41:35.004] [Server thread/INFO] [net.minecraft.world.server.ChunkManager/]: ThreadedAnvilChunkStorage (mars): All chunks are saved
[30Dec2021 23:41:35.005] [Server thread/INFO] [net.minecraft.server.MinecraftServer/]: Saving chunks for level 'ServerLevel[AHHHHHHHHHHHHHHHHHHHHHHHH]'/boss_tools:venus
[30Dec2021 23:41:35.005] [Server thread/INFO] [net.minecraft.world.server.ChunkManager/]: ThreadedAnvilChunkStorage (venus): All chunks are saved
[30Dec2021 23:41:35.006] [Server thread/INFO] [net.minecraft.server.MinecraftServer/]: Saving chunks for level 'ServerLevel[AHHHHHHHHHHHHHHHHHHHHHHHH]'/theabyss:theabyssdimiceworld
[30Dec2021 23:41:35.006] [Server thread/INFO] [net.minecraft.world.server.ChunkManager/]: ThreadedAnvilChunkStorage (theabyssdimiceworld): All chunks are saved
[30Dec2021 23:41:35.007] [Server thread/INFO] [net.minecraft.server.MinecraftServer/]: Saving chunks for level 'ServerLevel[AHHHHHHHHHHHHHHHHHHHHHHHH]'/boss_tools:orbit_moon
[30Dec2021 23:41:35.007] [Server thread/INFO] [net.minecraft.world.server.ChunkManager/]: ThreadedAnvilChunkStorage (orbit_moon): All chunks are saved
[30Dec2021 23:41:35.007] [Server thread/INFO] [net.minecraft.server.MinecraftServer/]: Saving chunks for level 'ServerLevel[AHHHHHHHHHHHHHHHHHHHHHHHH]'/boss_tools:moon
[30Dec2021 23:41:35.008] [Server thread/INFO] [net.minecraft.world.server.ChunkManager/]: ThreadedAnvilChunkStorage (moon): All chunks are saved
[30Dec2021 23:41:35.008] [Server thread/INFO] [net.minecraft.server.MinecraftServer/]: Saving chunks for level 'ServerLevel[AHHHHHHHHHHHHHHHHHHHHHHHH]'/boss_tools:orbit_overworld
[30Dec2021 23:41:35.009] [Server thread/INFO] [net.minecraft.world.server.ChunkManager/]: ThreadedAnvilChunkStorage (orbit_overworld): All chunks are saved
[30Dec2021 23:41:35.009] [Server thread/INFO] [net.minecraft.server.MinecraftServer/]: Saving chunks for level 'ServerLevel[AHHHHHHHHHHHHHHHHHHHHHHHH]'/undergarden:undergarden
[30Dec2021 23:41:35.010] [Server thread/INFO] [net.minecraft.world.server.ChunkManager/]: ThreadedAnvilChunkStorage (undergarden): All chunks are saved
[30Dec2021 23:41:35.010] [Server thread/INFO] [net.minecraft.server.MinecraftServer/]: Saving chunks for level 'ServerLevel[AHHHHHHHHHHHHHHHHHHHHHHHH]'/theabyss:theabyssdim
[30Dec2021 23:41:35.012] [Server thread/INFO] [net.minecraft.world.server.ChunkManager/]: ThreadedAnvilChunkStorage (theabyssdim): All chunks are saved
[30Dec2021 23:41:35.098] [Server thread/INFO] [net.minecraft.world.server.ChunkManager/]: ThreadedAnvilChunkStorage (AHHHHHHHHHHHHHHHHHHHHHHHH): All chunks are saved
[30Dec2021 23:41:35.105] [Server thread/INFO] [net.minecraft.world.server.ChunkManager/]: ThreadedAnvilChunkStorage (DIM-1): All chunks are saved
[30Dec2021 23:41:35.107] [Server thread/INFO] [net.minecraft.world.server.ChunkManager/]: ThreadedAnvilChunkStorage (DIM1): All chunks are saved
[30Dec2021 23:41:35.108] [Server thread/INFO] [net.minecraft.world.server.ChunkManager/]: ThreadedAnvilChunkStorage (dungeon): All chunks are saved
[30Dec2021 23:41:35.108] [Server thread/INFO] [net.minecraft.world.server.ChunkManager/]: ThreadedAnvilChunkStorage (the_end_of_time_2): All chunks are saved
[30Dec2021 23:41:35.109] [Server thread/INFO] [net.minecraft.world.server.ChunkManager/]: ThreadedAnvilChunkStorage (orbit_venus): All chunks are saved
[30Dec2021 23:41:35.109] [Server thread/INFO] [net.minecraft.world.server.ChunkManager/]: ThreadedAnvilChunkStorage (twilightforest): All chunks are saved
[30Dec2021 23:41:35.110] [Server thread/INFO] [net.minecraft.world.server.ChunkManager/]: ThreadedAnvilChunkStorage (mercury): All chunks are saved
[30Dec2021 23:41:35.110] [Server thread/INFO] [net.minecraft.world.server.ChunkManager/]: ThreadedAnvilChunkStorage (orbit_mars): All chunks are saved
[30Dec2021 23:41:35.111] [Server thread/INFO] [net.minecraft.world.server.ChunkManager/]: ThreadedAnvilChunkStorage (skylight_forest): All chunks are saved
[30Dec2021 23:41:35.112] [Server thread/INFO] [net.minecraft.world.server.ChunkManager/]: ThreadedAnvilChunkStorage (death): All chunks are saved
[30Dec2021 23:41:35.112] [Server thread/INFO] [net.minecraft.world.server.ChunkManager/]: ThreadedAnvilChunkStorage (orbit_mercury): All chunks are saved
[30Dec2021 23:41:35.113] [Server thread/INFO] [net.minecraft.world.server.ChunkManager/]: ThreadedAnvilChunkStorage (the_end_of_time): All chunks are saved
[30Dec2021 23:41:35.113] [Server thread/INFO] [net.minecraft.world.server.ChunkManager/]: ThreadedAnvilChunkStorage (mars): All chunks are saved
[30Dec2021 23:41:35.114] [Server thread/INFO] [net.minecraft.world.server.ChunkManager/]: ThreadedAnvilChunkStorage (venus): All chunks are saved
[30Dec2021 23:41:35.114] [Server thread/INFO] [net.minecraft.world.server.ChunkManager/]: ThreadedAnvilChunkStorage (theabyssdimiceworld): All chunks are saved
[30Dec2021 23:41:35.115] [Server thread/INFO] [net.minecraft.world.server.ChunkManager/]: ThreadedAnvilChunkStorage (orbit_moon): All chunks are saved
[30Dec2021 23:41:35.115] [Server thread/INFO] [net.minecraft.world.server.ChunkManager/]: ThreadedAnvilChunkStorage (moon): All chunks are saved
[30Dec2021 23:41:35.116] [Server thread/INFO] [net.minecraft.world.server.ChunkManager/]: ThreadedAnvilChunkStorage (orbit_overworld): All chunks are saved
[30Dec2021 23:41:35.116] [Server thread/INFO] [net.minecraft.world.server.ChunkManager/]: ThreadedAnvilChunkStorage (undergarden): All chunks are saved
[30Dec2021 23:41:35.117] [Server thread/INFO] [net.minecraft.world.server.ChunkManager/]: ThreadedAnvilChunkStorage (theabyssdim): All chunks are saved
